# JRE version: Java(TM) SE Runtime Environment (17.0.12+8) (build 17.0.12+8-LTS-286)
# Java VM: Java HotSpot(TM) 64-Bit Server VM (17.0.12+8-LTS-286, mixed mode, sharing, tiered, compressed oops, compressed class ptrs, g1 gc, windows-amd64)
GC Precious Log:
 CPUs: 8 total, 8 available
 Memory: 8046M
 Large Page Support: Disabled
 NUMA Support: Disabled
 Compressed Oops: Enabled (Zero based)
 Heap Region Size: 4M
 Heap Min Capacity: 8M
 Heap Initial Capacity: 128M
 Heap Max Capacity: 8G
 Pre-touch: Disabled
 Parallel Workers: 8
 Concurrent Workers: 2
 Concurrent Refinement Workers: 8
 Periodic GC: Disabled
Heap:
 garbage-first heap   total 573440K, used 322857K [0x0000000600000000, 0x0000000800000000)
  region size 4096K, 4 young (16384K), 4 survivors (16384K)
 Metaspace       used 130217K, committed 131968K, reserved 1179648K
  class space    used 17919K, committed 18752K, reserved 1048576K
GC Heap History (20 events):
Event: 74.412 GC heap after
{Heap after GC invocations=53 (full 0):
 garbage-first heap   total 299008K, used 168262K [0x0000000600000000, 0x0000000800000000)
  region size 4096K, 2 young (8192K), 2 survivors (8192K)
 Metaspace       used 113619K, committed 114816K, reserved 1179648K
  class space    used 15783K, committed 16384K, reserved 1048576K
}
Event: 74.828 GC heap before
{Heap before GC invocations=53 (full 0):
 garbage-first heap   total 299008K, used 237894K [0x0000000600000000, 0x0000000800000000)
  region size 4096K, 19 young (77824K), 2 survivors (8192K)
 Metaspace       used 113619K, committed 114816K, reserved 1179648K
  class space    used 15783K, committed 16384K, reserved 1048576K
}
Event: 74.843 GC heap after
{Heap after GC invocations=54 (full 0):
 garbage-first heap   total 475136K, used 169979K [0x0000000600000000, 0x0000000800000000)
  region size 4096K, 2 young (8192K), 2 survivors (8192K)
 Metaspace       used 113619K, committed 114816K, reserved 1179648K
  class space    used 15783K, committed 16384K, reserved 1048576K
}
Event: 77.608 GC heap before
{Heap before GC invocations=54 (full 0):
 garbage-first heap   total 475136K, used 374779K [0x0000000600000000, 0x0000000800000000)
  region size 4096K, 52 young (212992K), 2 survivors (8192K)
 Metaspace       used 115033K, committed 116288K, reserved 1179648K
  class space    used 15957K, committed 16576K, reserved 1048576K
}
Event: 77.637 GC heap after
{Heap after GC invocations=55 (full 0):
 garbage-first heap   total 475136K, used 187438K [0x0000000600000000, 0x0000000800000000)
  region size 4096K, 6 young (24576K), 6 survivors (24576K)
 Metaspace       used 115033K, committed 116288K, reserved 1179648K
  class space    used 15957K, committed 16576K, reserved 1048576K
}
Event: 79.630 GC heap before
{Heap before GC invocations=55 (full 0):
 garbage-first heap   total 475136K, used 367662K [0x0000000600000000, 0x0000000800000000)
  region size 4096K, 50 young (204800K), 6 survivors (24576K)
 Metaspace       used 115800K, committed 117120K, reserved 1179648K
  class space    used 16038K, committed 16640K, reserved 1048576K
}
Event: 79.669 GC heap after
{Heap after GC invocations=56 (full 0):
 garbage-first heap   total 475136K, used 200527K [0x0000000600000000, 0x0000000800000000)
  region size 4096K, 4 young (16384K), 4 survivors (16384K)
 Metaspace       used 115800K, committed 117120K, reserved 1179648K
  class space    used 16038K, committed 16640K, reserved 1048576K
}
Event: 81.389 GC heap before
{Heap before GC invocations=56 (full 0):
 garbage-first heap   total 475136K, used 368463K [0x0000000600000000, 0x0000000800000000)
  region size 4096K, 46 young (188416K), 4 survivors (16384K)
 Metaspace       used 116065K, committed 117440K, reserved 1179648K
  class space    used 16067K, committed 16704K, reserved 1048576K
}
Event: 81.419 GC heap after
{Heap after GC invocations=57 (full 0):
 garbage-first heap   total 475136K, used 214512K [0x0000000600000000, 0x0000000800000000)
  region size 4096K, 4 young (16384K), 4 survivors (16384K)
 Metaspace       used 116065K, committed 117440K, reserved 1179648K
  class space    used 16067K, committed 16704K, reserved 1048576K
}
Event: 84.450 GC heap before
{Heap before GC invocations=57 (full 0):
 garbage-first heap   total 475136K, used 374256K [0x0000000600000000, 0x0000000800000000)
  region size 4096K, 44 young (180224K), 4 survivors (16384K)
 Metaspace       used 121428K, committed 122816K, reserved 1179648K
  class space    used 16823K, committed 17472K, reserved 1048576K
}
Event: 84.492 GC heap after
{Heap after GC invocations=58 (full 0):
 garbage-first heap   total 573440K, used 230484K [0x0000000600000000, 0x0000000800000000)
  region size 4096K, 4 young (16384K), 4 survivors (16384K)
 Metaspace       used 121428K, committed 122816K, reserved 1179648K
  class space    used 16823K, committed 17472K, reserved 1048576K
}
Event: 87.849 GC heap before
{Heap before GC invocations=58 (full 0):
 garbage-first heap   total 573440K, used 451668K [0x0000000600000000, 0x0000000800000000)
  region size 4096K, 58 young (237568K), 4 survivors (16384K)
 Metaspace       used 126534K, committed 128000K, reserved 1179648K
  class space    used 17479K, committed 18176K, reserved 1048576K
}
Event: 87.914 GC heap after
{Heap after GC invocations=59 (full 0):
 garbage-first heap   total 573440K, used 261262K [0x0000000600000000, 0x0000000800000000)
  region size 4096K, 8 young (32768K), 8 survivors (32768K)
 Metaspace       used 126534K, committed 128000K, reserved 1179648K
  class space    used 17479K, committed 18176K, reserved 1048576K
}
Event: 96.416 GC heap before
{Heap before GC invocations=59 (full 0):
 garbage-first heap   total 573440K, used 445582K [0x0000000600000000, 0x0000000800000000)
  region size 4096K, 54 young (221184K), 8 survivors (32768K)
 Metaspace       used 128768K, committed 130304K, reserved 1179648K
  class space    used 17796K, committed 18560K, reserved 1048576K
}
Event: 96.495 GC heap after
{Heap after GC invocations=60 (full 0):
 garbage-first heap   total 573440K, used 279837K [0x0000000600000000, 0x0000000800000000)
  region size 4096K, 5 young (20480K), 5 survivors (20480K)
 Metaspace       used 128768K, committed 130304K, reserved 1179648K
  class space    used 17796K, committed 18560K, reserved 1048576K
}
Event: 99.550 GC heap before
{Heap before GC invocations=60 (full 0):
 garbage-first heap   total 573440K, used 455965K [0x0000000600000000, 0x0000000800000000)
  region size 4096K, 48 young (196608K), 5 survivors (20480K)
 Metaspace       used 129240K, committed 130880K, reserved 1179648K
  class space    used 17841K, committed 18624K, reserved 1048576K
}
Event: 99.587 GC heap after
{Heap after GC invocations=61 (full 0):
 garbage-first heap   total 573440K, used 297530K [0x0000000600000000, 0x0000000800000000)
  region size 4096K, 5 young (20480K), 5 survivors (20480K)
 Metaspace       used 129240K, committed 130880K, reserved 1179648K
  class space    used 17841K, committed 18624K, reserved 1048576K
}
Event: 102.316 GC heap before
{Heap before GC invocations=61 (full 0):
 garbage-first heap   total 573440K, used 461370K [0x0000000600000000, 0x0000000800000000)
  region size 4096K, 45 young (184320K), 5 survivors (20480K)
 Metaspace       used 129739K, committed 131392K, reserved 1179648K
  class space    used 17895K, committed 18688K, reserved 1048576K
}
Event: 102.365 GC heap after
{Heap after GC invocations=62 (full 0):
 garbage-first heap   total 573440K, used 312531K [0x0000000600000000, 0x0000000800000000)
  region size 4096K, 5 young (20480K), 5 survivors (20480K)
 Metaspace       used 129739K, committed 131392K, reserved 1179648K
  class space    used 17895K, committed 18688K, reserved 1048576K
}
Event: 232.166 GC heap before
{Heap before GC invocations=62 (full 0):
 garbage-first heap   total 573440K, used 464083K [0x0000000600000000, 0x0000000800000000)
  region size 4096K, 42 young (172032K), 5 survivors (20480K)
 Metaspace       used 130217K, committed 131968K, reserved 1179648K
  class space    used 17919K, committed 18752K, reserved 1048576K
}

