# JRE version: Java(TM) SE Runtime Environment (17.0.12+8) (build 17.0.12+8-LTS-286)
# Java VM: Java HotSpot(TM) 64-Bit Server VM (17.0.12+8-LTS-286, mixed mode, sharing, tiered, compressed oops, compressed class ptrs, g1 gc, windows-amd64)
GC Precious Log:
 CPUs: 8 total, 8 available
 Memory: 8046M
 Large Page Support: Disabled
 NUMA Support: Disabled
 Compressed Oops: Enabled (Zero based)
 Heap Region Size: 4M
 Heap Min Capacity: 8M
 Heap Initial Capacity: 128M
 Heap Max Capacity: 8G
 Pre-touch: Disabled
 Parallel Workers: 8
 Concurrent Workers: 2
 Concurrent Refinement Workers: 8
 Periodic GC: Disabled
Heap:
 garbage-first heap   total 860160K, used 440649K [0x0000000600000000, 0x0000000800000000)
  region size 4096K, 63 young (258048K), 5 survivors (20480K)
 Metaspace       used 112833K, committed 114176K, reserved 1179648K
  class space    used 15783K, committed 16448K, reserved 1048576K
GC Heap History (20 events):
Event: 61.730 GC heap before
{Heap before GC invocations=46 (full 0):
 garbage-first heap   total 233472K, used 185135K [0x0000000600000000, 0x0000000800000000)
  region size 4096K, 16 young (65536K), 1 survivors (4096K)
 Metaspace       used 96638K, committed 97600K, reserved 1179648K
  class space    used 13591K, committed 14080K, reserved 1048576K
}
Event: 61.741 GC heap after
{Heap after GC invocations=47 (full 0):
 garbage-first heap   total 233472K, used 125615K [0x0000000600000000, 0x0000000800000000)
  region size 4096K, 2 young (8192K), 2 survivors (8192K)
 Metaspace       used 96638K, committed 97600K, reserved 1179648K
  class space    used 13591K, committed 14080K, reserved 1048576K
}
Event: 61.823 GC heap before
{Heap before GC invocations=47 (full 0):
 garbage-first heap   total 233472K, used 129711K [0x0000000600000000, 0x0000000800000000)
  region size 4096K, 3 young (12288K), 2 survivors (8192K)
 Metaspace       used 96874K, committed 97856K, reserved 1179648K
  class space    used 13622K, committed 14080K, reserved 1048576K
}
Event: 61.837 GC heap after
{Heap after GC invocations=48 (full 0):
 garbage-first heap   total 233472K, used 124129K [0x0000000600000000, 0x0000000800000000)
  region size 4096K, 1 young (4096K), 1 survivors (4096K)
 Metaspace       used 96874K, committed 97856K, reserved 1179648K
  class space    used 13622K, committed 14080K, reserved 1048576K
}
Event: 63.140 GC heap before
{Heap before GC invocations=48 (full 0):
 garbage-first heap   total 233472K, used 189665K [0x0000000600000000, 0x0000000800000000)
  region size 4096K, 17 young (69632K), 1 survivors (4096K)
 Metaspace       used 99577K, committed 100544K, reserved 1179648K
  class space    used 13985K, committed 14464K, reserved 1048576K
}
Event: 63.153 GC heap after
{Heap after GC invocations=49 (full 0):
 garbage-first heap   total 233472K, used 126854K [0x0000000600000000, 0x0000000800000000)
  region size 4096K, 2 young (8192K), 2 survivors (8192K)
 Metaspace       used 99577K, committed 100544K, reserved 1179648K
  class space    used 13985K, committed 14464K, reserved 1048576K
}
Event: 64.671 GC heap before
{Heap before GC invocations=50 (full 0):
 garbage-first heap   total 233472K, used 188294K [0x0000000600000000, 0x0000000800000000)
  region size 4096K, 17 young (69632K), 2 survivors (8192K)
 Metaspace       used 100575K, committed 101696K, reserved 1179648K
  class space    used 14122K, committed 14656K, reserved 1048576K
}
Event: 64.691 GC heap after
{Heap after GC invocations=51 (full 0):
 garbage-first heap   total 233472K, used 131733K [0x0000000600000000, 0x0000000800000000)
  region size 4096K, 3 young (12288K), 3 survivors (12288K)
 Metaspace       used 100575K, committed 101696K, reserved 1179648K
  class space    used 14122K, committed 14656K, reserved 1048576K
}
Event: 64.739 GC heap before
{Heap before GC invocations=51 (full 0):
 garbage-first heap   total 233472K, used 135829K [0x0000000600000000, 0x0000000800000000)
  region size 4096K, 4 young (16384K), 3 survivors (12288K)
 Metaspace       used 100576K, committed 101696K, reserved 1179648K
  class space    used 14122K, committed 14656K, reserved 1048576K
}
Event: 64.764 GC heap after
{Heap after GC invocations=52 (full 0):
 garbage-first heap   total 430080K, used 131527K [0x0000000600000000, 0x0000000800000000)
  region size 4096K, 1 young (4096K), 1 survivors (4096K)
 Metaspace       used 100576K, committed 101696K, reserved 1179648K
  class space    used 14122K, committed 14656K, reserved 1048576K
}
Event: 68.766 GC heap before
{Heap before GC invocations=52 (full 0):
 garbage-first heap   total 430080K, used 340423K [0x0000000600000000, 0x0000000800000000)
  region size 4096K, 52 young (212992K), 1 survivors (4096K)
 Metaspace       used 102631K, committed 103744K, reserved 1179648K
  class space    used 14368K, committed 14912K, reserved 1048576K
}
Event: 68.784 GC heap after
{Heap after GC invocations=53 (full 0):
 garbage-first heap   total 430080K, used 154040K [0x0000000600000000, 0x0000000800000000)
  region size 4096K, 5 young (20480K), 5 survivors (20480K)
 Metaspace       used 102631K, committed 103744K, reserved 1179648K
  class space    used 14368K, committed 14912K, reserved 1048576K
}
Event: 72.043 GC heap before
{Heap before GC invocations=53 (full 0):
 garbage-first heap   total 430080K, used 334264K [0x0000000600000000, 0x0000000800000000)
  region size 4096K, 50 young (204800K), 5 survivors (20480K)
 Metaspace       used 105074K, committed 106240K, reserved 1179648K
  class space    used 14738K, committed 15296K, reserved 1048576K
}
Event: 72.080 GC heap after
{Heap after GC invocations=54 (full 0):
 garbage-first heap   total 430080K, used 169166K [0x0000000600000000, 0x0000000800000000)
  region size 4096K, 5 young (20480K), 5 survivors (20480K)
 Metaspace       used 105074K, committed 106240K, reserved 1179648K
  class space    used 14738K, committed 15296K, reserved 1048576K
}
Event: 74.361 GC heap before
{Heap before GC invocations=54 (full 0):
 garbage-first heap   total 430080K, used 333006K [0x0000000600000000, 0x0000000800000000)
  region size 4096K, 45 young (184320K), 5 survivors (20480K)
 Metaspace       used 105550K, committed 106816K, reserved 1179648K
  class space    used 14795K, committed 15360K, reserved 1048576K
}
Event: 74.387 GC heap after
{Heap after GC invocations=55 (full 0):
 garbage-first heap   total 430080K, used 179247K [0x0000000600000000, 0x0000000800000000)
  region size 4096K, 3 young (12288K), 3 survivors (12288K)
 Metaspace       used 105550K, committed 106816K, reserved 1179648K
  class space    used 14795K, committed 15360K, reserved 1048576K
}
Event: 77.242 GC heap before
{Heap before GC invocations=55 (full 0):
 garbage-first heap   total 430080K, used 343087K [0x0000000600000000, 0x0000000800000000)
  region size 4096K, 43 young (176128K), 3 survivors (12288K)
 Metaspace       used 106465K, committed 107840K, reserved 1179648K
  class space    used 14896K, committed 15552K, reserved 1048576K
}
Event: 77.276 GC heap after
{Heap after GC invocations=56 (full 0):
 garbage-first heap   total 430080K, used 192184K [0x0000000600000000, 0x0000000800000000)
  region size 4096K, 6 young (24576K), 6 survivors (24576K)
 Metaspace       used 106465K, committed 107840K, reserved 1179648K
  class space    used 14896K, committed 15552K, reserved 1048576K
}
Event: 79.243 GC heap before
{Heap before GC invocations=56 (full 0):
 garbage-first heap   total 430080K, used 339640K [0x0000000600000000, 0x0000000800000000)
  region size 4096K, 43 young (176128K), 6 survivors (24576K)
 Metaspace       used 106711K, committed 108032K, reserved 1179648K
  class space    used 14924K, committed 15552K, reserved 1048576K
}
Event: 79.288 GC heap after
{Heap after GC invocations=57 (full 0):
 garbage-first heap   total 860160K, used 207177K [0x0000000600000000, 0x0000000800000000)
  region size 4096K, 5 young (20480K), 5 survivors (20480K)
 Metaspace       used 106711K, committed 108032K, reserved 1179648K
  class space    used 14924K, committed 15552K, reserved 1048576K
}

