# JRE version: Java(TM) SE Runtime Environment (17.0.12+8) (build 17.0.12+8-LTS-286)
# Java VM: Java HotSpot(TM) 64-Bit Server VM (17.0.12+8-LTS-286, mixed mode, sharing, tiered, compressed oops, compressed class ptrs, g1 gc, windows-amd64)
GC Precious Log:
 CPUs: 8 total, 8 available
 Memory: 8046M
 Large Page Support: Disabled
 NUMA Support: Disabled
 Compressed Oops: Enabled (Zero based)
 Heap Region Size: 4M
 Heap Min Capacity: 8M
 Heap Initial Capacity: 128M
 Heap Max Capacity: 8G
 Pre-touch: Disabled
 Parallel Workers: 8
 Concurrent Workers: 2
 Concurrent Refinement Workers: 8
 Periodic GC: Disabled
Heap:
 garbage-first heap   total 311296K, used 212856K [0x0000000600000000, 0x0000000800000000)
  region size 4096K, 2 young (8192K), 2 survivors (8192K)
 Metaspace       used 183167K, committed 184640K, reserved 1245184K
  class space    used 24147K, committed 24832K, reserved 1048576K
GC Heap History (20 events):
Event: 1629.811 GC heap after
{Heap after GC invocations=59 (full 0):
 garbage-first heap   total 311296K, used 169158K [0x0000000600000000, 0x0000000800000000)
  region size 4096K, 2 young (8192K), 2 survivors (8192K)
 Metaspace       used 144439K, committed 145728K, reserved 1179648K
  class space    used 19875K, committed 20480K, reserved 1048576K
}
Event: 1632.535 GC heap before
{Heap before GC invocations=60 (full 0):
 garbage-first heap   total 311296K, used 255174K [0x0000000600000000, 0x0000000800000000)
  region size 4096K, 23 young (94208K), 2 survivors (8192K)
 Metaspace       used 150850K, committed 152192K, reserved 1245184K
  class space    used 20687K, committed 21312K, reserved 1048576K
}
Event: 1632.554 GC heap after
{Heap after GC invocations=61 (full 0):
 garbage-first heap   total 311296K, used 174928K [0x0000000600000000, 0x0000000800000000)
  region size 4096K, 3 young (12288K), 3 survivors (12288K)
 Metaspace       used 150850K, committed 152192K, reserved 1245184K
  class space    used 20687K, committed 21312K, reserved 1048576K
}
Event: 1632.596 GC heap before
{Heap before GC invocations=61 (full 0):
 garbage-first heap   total 311296K, used 179024K [0x0000000600000000, 0x0000000800000000)
  region size 4096K, 4 young (16384K), 3 survivors (12288K)
 Metaspace       used 150865K, committed 152192K, reserved 1245184K
  class space    used 20687K, committed 21312K, reserved 1048576K
}
Event: 1632.643 GC heap after
{Heap after GC invocations=62 (full 0):
 garbage-first heap   total 311296K, used 163993K [0x0000000600000000, 0x0000000800000000)
  region size 4096K, 1 young (4096K), 1 survivors (4096K)
 Metaspace       used 150865K, committed 152192K, reserved 1245184K
  class space    used 20687K, committed 21312K, reserved 1048576K
}
Event: 1636.186 GC heap before
{Heap before GC invocations=62 (full 0):
 garbage-first heap   total 311296K, used 250009K [0x0000000600000000, 0x0000000800000000)
  region size 4096K, 22 young (90112K), 1 survivors (4096K)
 Metaspace       used 158463K, committed 159744K, reserved 1245184K
  class space    used 21525K, committed 22144K, reserved 1048576K
}
Event: 1636.200 GC heap after
{Heap after GC invocations=63 (full 0):
 garbage-first heap   total 311296K, used 169145K [0x0000000600000000, 0x0000000800000000)
  region size 4096K, 2 young (8192K), 2 survivors (8192K)
 Metaspace       used 158463K, committed 159744K, reserved 1245184K
  class space    used 21525K, committed 22144K, reserved 1048576K
}
Event: 1638.905 GC heap before
{Heap before GC invocations=64 (full 0):
 garbage-first heap   total 311296K, used 251065K [0x0000000600000000, 0x0000000800000000)
  region size 4096K, 22 young (90112K), 2 survivors (8192K)
 Metaspace       used 169931K, committed 171328K, reserved 1245184K
  class space    used 22669K, committed 23296K, reserved 1048576K
}
Event: 1638.920 GC heap after
{Heap after GC invocations=65 (full 0):
 garbage-first heap   total 311296K, used 172859K [0x0000000600000000, 0x0000000800000000)
  region size 4096K, 3 young (12288K), 3 survivors (12288K)
 Metaspace       used 169931K, committed 171328K, reserved 1245184K
  class space    used 22669K, committed 23296K, reserved 1048576K
}
Event: 1639.059 GC heap before
{Heap before GC invocations=65 (full 0):
 garbage-first heap   total 311296K, used 176955K [0x0000000600000000, 0x0000000800000000)
  region size 4096K, 4 young (16384K), 3 survivors (12288K)
 Metaspace       used 170523K, committed 171904K, reserved 1245184K
  class space    used 22724K, committed 23360K, reserved 1048576K
}
Event: 1639.087 GC heap after
{Heap after GC invocations=66 (full 0):
 garbage-first heap   total 311296K, used 172606K [0x0000000600000000, 0x0000000800000000)
  region size 4096K, 1 young (4096K), 1 survivors (4096K)
 Metaspace       used 170523K, committed 171904K, reserved 1245184K
  class space    used 22724K, committed 23360K, reserved 1048576K
}
Event: 1641.321 GC heap before
{Heap before GC invocations=66 (full 0):
 garbage-first heap   total 311296K, used 254526K [0x0000000600000000, 0x0000000800000000)
  region size 4096K, 21 young (86016K), 1 survivors (4096K)
 Metaspace       used 174748K, committed 176192K, reserved 1245184K
  class space    used 23156K, committed 23808K, reserved 1048576K
}
Event: 1641.330 GC heap after
{Heap after GC invocations=67 (full 0):
 garbage-first heap   total 311296K, used 176082K [0x0000000600000000, 0x0000000800000000)
  region size 4096K, 2 young (8192K), 2 survivors (8192K)
 Metaspace       used 174748K, committed 176192K, reserved 1245184K
  class space    used 23156K, committed 23808K, reserved 1048576K
}
Event: 1650.532 GC heap before
{Heap before GC invocations=67 (full 0):
 garbage-first heap   total 311296K, used 258002K [0x0000000600000000, 0x0000000800000000)
  region size 4096K, 22 young (90112K), 2 survivors (8192K)
 Metaspace       used 182403K, committed 183872K, reserved 1245184K
  class space    used 24063K, committed 24768K, reserved 1048576K
}
Event: 1650.555 GC heap after
{Heap after GC invocations=68 (full 0):
 garbage-first heap   total 311296K, used 175959K [0x0000000600000000, 0x0000000800000000)
  region size 4096K, 3 young (12288K), 3 survivors (12288K)
 Metaspace       used 182403K, committed 183872K, reserved 1245184K
  class space    used 24063K, committed 24768K, reserved 1048576K
}
Event: 1651.706 GC heap before
{Heap before GC invocations=68 (full 0):
 garbage-first heap   total 311296K, used 253783K [0x0000000600000000, 0x0000000800000000)
  region size 4096K, 23 young (94208K), 3 survivors (12288K)
 Metaspace       used 182498K, committed 183936K, reserved 1245184K
  class space    used 24080K, committed 24768K, reserved 1048576K
}
Event: 1651.753 GC heap after
{Heap after GC invocations=69 (full 0):
 garbage-first heap   total 311296K, used 196041K [0x0000000600000000, 0x0000000800000000)
  region size 4096K, 3 young (12288K), 3 survivors (12288K)
 Metaspace       used 182498K, committed 183936K, reserved 1245184K
  class space    used 24080K, committed 24768K, reserved 1048576K
}
Event: 1652.475 GC heap before
{Heap before GC invocations=69 (full 0):
 garbage-first heap   total 311296K, used 245193K [0x0000000600000000, 0x0000000800000000)
  region size 4096K, 16 young (65536K), 3 survivors (12288K)
 Metaspace       used 182548K, committed 184000K, reserved 1245184K
  class space    used 24080K, committed 24768K, reserved 1048576K
}
Event: 1652.508 GC heap after
{Heap after GC invocations=70 (full 0):
 garbage-first heap   total 311296K, used 202927K [0x0000000600000000, 0x0000000800000000)
  region size 4096K, 2 young (8192K), 2 survivors (8192K)
 Metaspace       used 182548K, committed 184000K, reserved 1245184K
  class space    used 24080K, committed 24768K, reserved 1048576K
}
Event: 1653.292 GC heap before
{Heap before GC invocations=70 (full 0):
 garbage-first heap   total 311296K, used 252079K [0x0000000600000000, 0x0000000800000000)
  region size 4096K, 14 young (57344K), 2 survivors (8192K)
 Metaspace       used 183167K, committed 184640K, reserved 1245184K
  class space    used 24147K, committed 24832K, reserved 1048576K
}

