# JRE version: OpenJDK Runtime Environment Temurin-21.0.10+7 (21.0.10+7) (build 21.0.10+7-LTS)
# Java VM: OpenJDK 64-Bit Server VM Temurin-21.0.10+7 (21.0.10+7-LTS, mixed mode, sharing, tiered, compressed oops, compressed class ptrs, g1 gc, windows-amd64)
GC Precious Log:
 CardTable entry size: 512
 Card Set container configuration: InlinePtr #cards 4 size 8 Array Of Cards #cards 32 size 80 Howl #buckets 8 coarsen threshold 7372 Howl Bitmap #cards 1024 size 144 coarsen threshold 921 Card regions per heap region 1 cards per card region 8192
 CPUs: 8 total, 8 available
 Memory: 8046M
 Large Page Support: Disabled
 NUMA Support: Disabled
 Compressed Oops: Enabled (Zero based)
 Heap Region Size: 4M
 Heap Min Capacity: 8M
 Heap Initial Capacity: 128M
 Heap Max Capacity: 8G
 Pre-touch: Disabled
 Parallel Workers: 8
 Concurrent Workers: 2
 Concurrent Refinement Workers: 8
 Periodic GC: Disabled
Heap:
 garbage-first heap   total 225280K, used 149100K [0x0000000600000000, 0x0000000800000000)
  region size 4096K, 4 young (16384K), 3 survivors (12288K)
 Metaspace       used 109561K, committed 112128K, reserved 1179648K
  class space    used 15598K, committed 16832K, reserved 1048576K
GC Heap History (20 events):
Event: 65.030 GC heap before
{Heap before GC invocations=33 (full 0):
 garbage-first heap   total 188416K, used 162358K [0x0000000600000000, 0x0000000800000000)
  region size 4096K, 15 young (61440K), 2 survivors (8192K)
 Metaspace       used 88120K, committed 90432K, reserved 1179648K
  class space    used 12618K, committed 13760K, reserved 1048576K
}
Event: 65.041 GC heap after
{Heap after GC invocations=34 (full 0):
 garbage-first heap   total 188416K, used 110264K [0x0000000600000000, 0x0000000800000000)
  region size 4096K, 1 young (4096K), 1 survivors (4096K)
 Metaspace       used 88120K, committed 90432K, reserved 1179648K
  class space    used 12618K, committed 13760K, reserved 1048576K
}
Event: 66.993 GC heap before
{Heap before GC invocations=34 (full 0):
 garbage-first heap   total 188416K, used 159416K [0x0000000600000000, 0x0000000800000000)
  region size 4096K, 14 young (57344K), 1 survivors (4096K)
 Metaspace       used 91730K, committed 94016K, reserved 1179648K
  class space    used 13033K, committed 14144K, reserved 1048576K
}
Event: 67.003 GC heap after
{Heap after GC invocations=35 (full 0):
 garbage-first heap   total 188416K, used 113900K [0x0000000600000000, 0x0000000800000000)
  region size 4096K, 2 young (8192K), 2 survivors (8192K)
 Metaspace       used 91730K, committed 94016K, reserved 1179648K
  class space    used 13033K, committed 14144K, reserved 1048576K
}
Event: 69.133 GC heap before
{Heap before GC invocations=36 (full 0):
 garbage-first heap   total 200704K, used 163052K [0x0000000600000000, 0x0000000800000000)
  region size 4096K, 14 young (57344K), 2 survivors (8192K)
 Metaspace       used 94983K, committed 97280K, reserved 1179648K
  class space    used 13497K, committed 14656K, reserved 1048576K
}
Event: 69.146 GC heap after
{Heap after GC invocations=37 (full 0):
 garbage-first heap   total 200704K, used 116531K [0x0000000600000000, 0x0000000800000000)
  region size 4096K, 2 young (8192K), 2 survivors (8192K)
 Metaspace       used 94983K, committed 97280K, reserved 1179648K
  class space    used 13497K, committed 14656K, reserved 1048576K
}
Event: 72.188 GC heap before
{Heap before GC invocations=37 (full 0):
 garbage-first heap   total 200704K, used 177971K [0x0000000600000000, 0x0000000800000000)
  region size 4096K, 17 young (69632K), 2 survivors (8192K)
 Metaspace       used 97793K, committed 100160K, reserved 1179648K
  class space    used 13883K, committed 15040K, reserved 1048576K
}
Event: 72.207 GC heap after
{Heap after GC invocations=38 (full 0):
 garbage-first heap   total 200704K, used 120892K [0x0000000600000000, 0x0000000800000000)
  region size 4096K, 3 young (12288K), 3 survivors (12288K)
 Metaspace       used 97793K, committed 100160K, reserved 1179648K
  class space    used 13883K, committed 15040K, reserved 1048576K
}
Event: 74.079 GC heap before
{Heap before GC invocations=38 (full 0):
 garbage-first heap   total 200704K, used 178236K [0x0000000600000000, 0x0000000800000000)
  region size 4096K, 17 young (69632K), 3 survivors (12288K)
 Metaspace       used 102163K, committed 104576K, reserved 1179648K
  class space    used 14636K, committed 15808K, reserved 1048576K
}
Event: 74.096 GC heap after
{Heap after GC invocations=39 (full 0):
 garbage-first heap   total 200704K, used 122809K [0x0000000600000000, 0x0000000800000000)
  region size 4096K, 2 young (8192K), 2 survivors (8192K)
 Metaspace       used 102163K, committed 104576K, reserved 1179648K
  class space    used 14636K, committed 15808K, reserved 1048576K
}
Event: 76.137 GC heap before
{Heap before GC invocations=39 (full 0):
 garbage-first heap   total 200704K, used 180153K [0x0000000600000000, 0x0000000800000000)
  region size 4096K, 16 young (65536K), 2 survivors (8192K)
 Metaspace       used 105864K, committed 108288K, reserved 1179648K
  class space    used 15111K, committed 16320K, reserved 1048576K
}
Event: 76.149 GC heap after
{Heap after GC invocations=40 (full 0):
 garbage-first heap   total 200704K, used 125329K [0x0000000600000000, 0x0000000800000000)
  region size 4096K, 2 young (8192K), 2 survivors (8192K)
 Metaspace       used 105864K, committed 108288K, reserved 1179648K
  class space    used 15111K, committed 16320K, reserved 1048576K
}
Event: 77.532 GC heap before
{Heap before GC invocations=41 (full 0):
 garbage-first heap   total 221184K, used 178577K [0x0000000600000000, 0x0000000800000000)
  region size 4096K, 15 young (61440K), 2 survivors (8192K)
 Metaspace       used 107056K, committed 109568K, reserved 1179648K
  class space    used 15321K, committed 16512K, reserved 1048576K
}
Event: 77.544 GC heap after
{Heap after GC invocations=42 (full 0):
 garbage-first heap   total 221184K, used 129806K [0x0000000600000000, 0x0000000800000000)
  region size 4096K, 2 young (8192K), 2 survivors (8192K)
 Metaspace       used 107056K, committed 109568K, reserved 1179648K
  class space    used 15321K, committed 16512K, reserved 1048576K
}
Event: 79.661 GC heap before
{Heap before GC invocations=42 (full 0):
 garbage-first heap   total 221184K, used 203534K [0x0000000600000000, 0x0000000800000000)
  region size 4096K, 20 young (81920K), 2 survivors (8192K)
 Metaspace       used 108023K, committed 110464K, reserved 1179648K
  class space    used 15425K, committed 16640K, reserved 1048576K
}
Event: 79.689 GC heap after
{Heap after GC invocations=43 (full 0):
 garbage-first heap   total 225280K, used 135126K [0x0000000600000000, 0x0000000800000000)
  region size 4096K, 3 young (12288K), 3 survivors (12288K)
 Metaspace       used 108023K, committed 110464K, reserved 1179648K
  class space    used 15425K, committed 16640K, reserved 1048576K
}
Event: 83.150 GC heap before
{Heap before GC invocations=43 (full 0):
 garbage-first heap   total 225280K, used 200662K [0x0000000600000000, 0x0000000800000000)
  region size 4096K, 20 young (81920K), 3 survivors (12288K)
 Metaspace       used 108024K, committed 110464K, reserved 1179648K
  class space    used 15425K, committed 16640K, reserved 1048576K
}
Event: 83.170 GC heap after
{Heap after GC invocations=44 (full 0):
 garbage-first heap   total 225280K, used 137926K [0x0000000600000000, 0x0000000800000000)
  region size 4096K, 2 young (8192K), 2 survivors (8192K)
 Metaspace       used 108024K, committed 110464K, reserved 1179648K
  class space    used 15425K, committed 16640K, reserved 1048576K
}
Event: 87.015 GC heap before
{Heap before GC invocations=44 (full 0):
 garbage-first heap   total 225280K, used 182982K [0x0000000600000000, 0x0000000800000000)
  region size 4096K, 14 young (57344K), 2 survivors (8192K)
 Metaspace       used 109561K, committed 112128K, reserved 1179648K
  class space    used 15598K, committed 16832K, reserved 1048576K
}
Event: 87.023 GC heap after
{Heap after GC invocations=45 (full 0):
 garbage-first heap   total 225280K, used 145004K [0x0000000600000000, 0x0000000800000000)
  region size 4096K, 3 young (12288K), 3 survivors (12288K)
 Metaspace       used 109561K, committed 112128K, reserved 1179648K
  class space    used 15598K, committed 16832K, reserved 1048576K
}

