# JRE version: OpenJDK Runtime Environment Temurin-21.0.10+7 (21.0.10+7) (build 21.0.10+7-LTS)
# Java VM: OpenJDK 64-Bit Server VM Temurin-21.0.10+7 (21.0.10+7-LTS, mixed mode, sharing, tiered, compressed oops, compressed class ptrs, g1 gc, windows-amd64)
GC Precious Log:
 CardTable entry size: 512
 Card Set container configuration: InlinePtr #cards 4 size 8 Array Of Cards #cards 32 size 80 Howl #buckets 8 coarsen threshold 7372 Howl Bitmap #cards 1024 size 144 coarsen threshold 921 Card regions per heap region 1 cards per card region 8192
 CPUs: 8 total, 8 available
 Memory: 8046M
 Large Page Support: Disabled
 NUMA Support: Disabled
 Compressed Oops: Enabled (Zero based)
 Heap Region Size: 4M
 Heap Min Capacity: 8M
 Heap Initial Capacity: 128M
 Heap Max Capacity: 8G
 Pre-touch: Disabled
 Parallel Workers: 8
 Concurrent Workers: 2
 Concurrent Refinement Workers: 8
 Periodic GC: Disabled
Heap:
 garbage-first heap   total 200704K, used 146519K [0x0000000600000000, 0x0000000800000000)
  region size 4096K, 11 young (45056K), 2 survivors (8192K)
 Metaspace       used 95187K, committed 97536K, reserved 1179648K
  class space    used 13523K, committed 14656K, reserved 1048576K
GC Heap History (20 events):
Event: 48.276 GC heap before
{Heap before GC invocations=20 (full 0):
 garbage-first heap   total 139264K, used 126466K [0x0000000600000000, 0x0000000800000000)
  region size 4096K, 15 young (61440K), 2 survivors (8192K)
 Metaspace       used 76768K, committed 78848K, reserved 1179648K
  class space    used 11237K, committed 12288K, reserved 1048576K
}
Event: 48.296 GC heap after
{Heap after GC invocations=21 (full 0):
 garbage-first heap   total 143360K, used 80142K [0x0000000600000000, 0x0000000800000000)
  region size 4096K, 2 young (8192K), 2 survivors (8192K)
 Metaspace       used 76768K, committed 78848K, reserved 1179648K
  class space    used 11237K, committed 12288K, reserved 1048576K
}
Event: 50.298 GC heap before
{Heap before GC invocations=22 (full 0):
 garbage-first heap   total 143360K, used 121102K [0x0000000600000000, 0x0000000800000000)
  region size 4096K, 13 young (53248K), 2 survivors (8192K)
 Metaspace       used 76800K, committed 78976K, reserved 1179648K
  class space    used 11237K, committed 12288K, reserved 1048576K
}
Event: 50.310 GC heap after
{Heap after GC invocations=23 (full 0):
 garbage-first heap   total 143360K, used 81844K [0x0000000600000000, 0x0000000800000000)
  region size 4096K, 1 young (4096K), 1 survivors (4096K)
 Metaspace       used 76800K, committed 78976K, reserved 1179648K
  class space    used 11237K, committed 12288K, reserved 1048576K
}
Event: 52.338 GC heap before
{Heap before GC invocations=23 (full 0):
 garbage-first heap   total 143360K, used 126900K [0x0000000600000000, 0x0000000800000000)
  region size 4096K, 12 young (49152K), 1 survivors (4096K)
 Metaspace       used 76803K, committed 78976K, reserved 1179648K
  class space    used 11238K, committed 12288K, reserved 1048576K
}
Event: 52.351 GC heap after
{Heap after GC invocations=24 (full 0):
 garbage-first heap   total 143360K, used 81954K [0x0000000600000000, 0x0000000800000000)
  region size 4096K, 2 young (8192K), 2 survivors (8192K)
 Metaspace       used 76803K, committed 78976K, reserved 1179648K
  class space    used 11238K, committed 12288K, reserved 1048576K
}
Event: 57.202 GC heap before
{Heap before GC invocations=24 (full 0):
 garbage-first heap   total 143360K, used 122914K [0x0000000600000000, 0x0000000800000000)
  region size 4096K, 13 young (53248K), 2 survivors (8192K)
 Metaspace       used 77777K, committed 80000K, reserved 1179648K
  class space    used 11370K, committed 12480K, reserved 1048576K
}
Event: 57.215 GC heap after
{Heap after GC invocations=25 (full 0):
 garbage-first heap   total 151552K, used 98038K [0x0000000600000000, 0x0000000800000000)
  region size 4096K, 2 young (8192K), 2 survivors (8192K)
 Metaspace       used 77777K, committed 80000K, reserved 1179648K
  class space    used 11370K, committed 12480K, reserved 1048576K
}
Event: 57.912 GC heap before
{Heap before GC invocations=26 (full 0):
 garbage-first heap   total 163840K, used 122614K [0x0000000600000000, 0x0000000800000000)
  region size 4096K, 9 young (36864K), 2 survivors (8192K)
 Metaspace       used 79900K, committed 82176K, reserved 1179648K
  class space    used 11625K, committed 12736K, reserved 1048576K
}
Event: 57.918 GC heap after
{Heap after GC invocations=27 (full 0):
 garbage-first heap   total 163840K, used 101797K [0x0000000600000000, 0x0000000800000000)
  region size 4096K, 1 young (4096K), 1 survivors (4096K)
 Metaspace       used 79900K, committed 82176K, reserved 1179648K
  class space    used 11625K, committed 12736K, reserved 1048576K
}
Event: 58.745 GC heap before
{Heap before GC invocations=27 (full 0):
 garbage-first heap   total 163840K, used 134565K [0x0000000600000000, 0x0000000800000000)
  region size 4096K, 10 young (40960K), 1 survivors (4096K)
 Metaspace       used 83935K, committed 86144K, reserved 1179648K
  class space    used 12071K, committed 13184K, reserved 1048576K
}
Event: 58.754 GC heap after
{Heap after GC invocations=28 (full 0):
 garbage-first heap   total 163840K, used 102633K [0x0000000600000000, 0x0000000800000000)
  region size 4096K, 2 young (8192K), 2 survivors (8192K)
 Metaspace       used 83935K, committed 86144K, reserved 1179648K
  class space    used 12071K, committed 13184K, reserved 1048576K
}
Event: 59.302 GC heap before
{Heap before GC invocations=28 (full 0):
 garbage-first heap   total 163840K, used 139497K [0x0000000600000000, 0x0000000800000000)
  region size 4096K, 11 young (45056K), 2 survivors (8192K)
 Metaspace       used 85644K, committed 87936K, reserved 1179648K
  class space    used 12291K, committed 13440K, reserved 1048576K
}
Event: 59.307 GC heap after
{Heap after GC invocations=29 (full 0):
 garbage-first heap   total 163840K, used 106914K [0x0000000600000000, 0x0000000800000000)
  region size 4096K, 2 young (8192K), 2 survivors (8192K)
 Metaspace       used 85644K, committed 87936K, reserved 1179648K
  class space    used 12291K, committed 13440K, reserved 1048576K
}
Event: 60.015 GC heap before
{Heap before GC invocations=30 (full 0):
 garbage-first heap   total 184320K, used 139682K [0x0000000600000000, 0x0000000800000000)
  region size 4096K, 10 young (40960K), 2 survivors (8192K)
 Metaspace       used 87907K, committed 90112K, reserved 1179648K
  class space    used 12576K, committed 13696K, reserved 1048576K
}
Event: 60.028 GC heap after
{Heap after GC invocations=31 (full 0):
 garbage-first heap   total 184320K, used 108900K [0x0000000600000000, 0x0000000800000000)
  region size 4096K, 1 young (4096K), 1 survivors (4096K)
 Metaspace       used 87907K, committed 90112K, reserved 1179648K
  class space    used 12576K, committed 13696K, reserved 1048576K
}
Event: 61.194 GC heap before
{Heap before GC invocations=31 (full 0):
 garbage-first heap   total 184320K, used 149860K [0x0000000600000000, 0x0000000800000000)
  region size 4096K, 12 young (49152K), 1 survivors (4096K)
 Metaspace       used 90883K, committed 93184K, reserved 1179648K
  class space    used 12920K, committed 14080K, reserved 1048576K
}
Event: 61.203 GC heap after
{Heap after GC invocations=32 (full 0):
 garbage-first heap   total 184320K, used 111600K [0x0000000600000000, 0x0000000800000000)
  region size 4096K, 2 young (8192K), 2 survivors (8192K)
 Metaspace       used 90883K, committed 93184K, reserved 1179648K
  class space    used 12920K, committed 14080K, reserved 1048576K
}
Event: 64.040 GC heap before
{Heap before GC invocations=32 (full 0):
 garbage-first heap   total 184320K, used 160752K [0x0000000600000000, 0x0000000800000000)
  region size 4096K, 14 young (57344K), 2 survivors (8192K)
 Metaspace       used 94557K, committed 96896K, reserved 1179648K
  class space    used 13435K, committed 14592K, reserved 1048576K
}
Event: 64.047 GC heap after
{Heap after GC invocations=33 (full 0):
 garbage-first heap   total 184320K, used 113751K [0x0000000600000000, 0x0000000800000000)
  region size 4096K, 2 young (8192K), 2 survivors (8192K)
 Metaspace       used 94557K, committed 96896K, reserved 1179648K
  class space    used 13435K, committed 14592K, reserved 1048576K
}

