# JRE version: OpenJDK Runtime Environment Temurin-21.0.10+7 (21.0.10+7) (build 21.0.10+7-LTS)
# Java VM: OpenJDK 64-Bit Server VM Temurin-21.0.10+7 (21.0.10+7-LTS, mixed mode, sharing, tiered, compressed oops, compressed class ptrs, parallel gc, windows-amd64)
GC Precious Log:
 CardTable entry size: 512
 CPUs: 8 total, 8 available
 Memory: 8046M
 Large Page Support: Disabled
 NUMA Support: Disabled
 Compressed Oops: Enabled (32-bit)
 Alignments: Space 512K, Generation 512K, Heap 2M
 Heap Min Capacity: 100M
 Heap Initial Capacity: 100M
 Heap Max Capacity: 2G
 Pre-touch: Disabled
 Parallel Workers: 8
Heap:
 PSYoungGen      total 4096K, used 2213K [0x00000000d5580000, 0x00000000d5a80000, 0x0000000100000000)
  eden space 3584K, 55% used [0x00000000d5580000,0x00000000d5771670,0x00000000d5900000)
  from space 512K, 43% used [0x00000000d5a00000,0x00000000d5a38000,0x00000000d5a80000)
  to   space 512K, 0% used [0x00000000d5980000,0x00000000d5980000,0x00000000d5a00000)
 ParOldGen       total 1305088K, used 1304919K [0x0000000080000000, 0x00000000cfa80000, 0x00000000d5580000)
  object space 1305088K, 99% used [0x0000000080000000,0x00000000cfa55c40,0x00000000cfa80000)
 Metaspace       used 74733K, committed 76416K, reserved 1179648K
  class space    used 9296K, committed 10048K, reserved 1048576K
GC Heap History (20 events):
Event: 243.899 GC heap before
{Heap before GC invocations=2734 (full 3):
 PSYoungGen      total 4608K, used 4096K [0x00000000d5580000, 0x00000000d5b00000, 0x0000000100000000)
  eden space 3584K, 100% used [0x00000000d5580000,0x00000000d5900000,0x00000000d5900000)
  from space 1024K, 50% used [0x00000000d5a00000,0x00000000d5a80000,0x00000000d5b00000)
  to   space 1024K, 0% used [0x00000000d5900000,0x00000000d5900000,0x00000000d5a00000)
 ParOldGen       total 1300992K, used 1300637K [0x0000000080000000, 0x00000000cf680000, 0x00000000d5580000)
  object space 1300992K, 99% used [0x0000000080000000,0x00000000cf627700,0x00000000cf680000)
 Metaspace       used 73921K, committed 75584K, reserved 1179648K
  class space    used 9187K, committed 9920K, reserved 1048576K
}
Event: 243.903 GC heap after
{Heap after GC invocations=2734 (full 3):
 PSYoungGen      total 4608K, used 512K [0x00000000d5580000, 0x00000000d5b00000, 0x0000000100000000)
  eden space 3584K, 0% used [0x00000000d5580000,0x00000000d5580000,0x00000000d5900000)
  from space 1024K, 50% used [0x00000000d5900000,0x00000000d5980000,0x00000000d5a00000)
  to   space 1024K, 0% used [0x00000000d5a00000,0x00000000d5a00000,0x00000000d5b00000)
 ParOldGen       total 1301504K, used 1301043K [0x0000000080000000, 0x00000000cf700000, 0x00000000d5580000)
  object space 1301504K, 99% used [0x0000000080000000,0x00000000cf68cdb0,0x00000000cf700000)
 Metaspace       used 73921K, committed 75584K, reserved 1179648K
  class space    used 9187K, committed 9920K, reserved 1048576K
}
Event: 243.987 GC heap before
{Heap before GC invocations=2735 (full 3):
 PSYoungGen      total 4608K, used 4096K [0x00000000d5580000, 0x00000000d5b00000, 0x0000000100000000)
  eden space 3584K, 100% used [0x00000000d5580000,0x00000000d5900000,0x00000000d5900000)
  from space 1024K, 50% used [0x00000000d5900000,0x00000000d5980000,0x00000000d5a00000)
  to   space 1024K, 0% used [0x00000000d5a00000,0x00000000d5a00000,0x00000000d5b00000)
 ParOldGen       total 1301504K, used 1301043K [0x0000000080000000, 0x00000000cf700000, 0x00000000d5580000)
  object space 1301504K, 99% used [0x0000000080000000,0x00000000cf68cdb0,0x00000000cf700000)
 Metaspace       used 73921K, committed 75584K, reserved 1179648K
  class space    used 9187K, committed 9920K, reserved 1048576K
}
Event: 243.989 GC heap after
{Heap after GC invocations=2735 (full 3):
 PSYoungGen      total 4096K, used 507K [0x00000000d5580000, 0x00000000d5a80000, 0x0000000100000000)
  eden space 3584K, 0% used [0x00000000d5580000,0x00000000d5580000,0x00000000d5900000)
  from space 512K, 99% used [0x00000000d5a00000,0x00000000d5a7ec08,0x00000000d5a80000)
  to   space 512K, 0% used [0x00000000d5980000,0x00000000d5980000,0x00000000d5a00000)
 ParOldGen       total 1301504K, used 1301475K [0x0000000080000000, 0x00000000cf700000, 0x00000000d5580000)
  object space 1301504K, 99% used [0x0000000080000000,0x00000000cf6f8db0,0x00000000cf700000)
 Metaspace       used 73921K, committed 75584K, reserved 1179648K
  class space    used 9187K, committed 9920K, reserved 1048576K
}
Event: 244.002 GC heap before
{Heap before GC invocations=2736 (full 3):
 PSYoungGen      total 4096K, used 4091K [0x00000000d5580000, 0x00000000d5a80000, 0x0000000100000000)
  eden space 3584K, 100% used [0x00000000d5580000,0x00000000d5900000,0x00000000d5900000)
  from space 512K, 99% used [0x00000000d5a00000,0x00000000d5a7ec08,0x00000000d5a80000)
  to   space 512K, 0% used [0x00000000d5980000,0x00000000d5980000,0x00000000d5a00000)
 ParOldGen       total 1301504K, used 1301475K [0x0000000080000000, 0x00000000cf700000, 0x00000000d5580000)
  object space 1301504K, 99% used [0x0000000080000000,0x00000000cf6f8db0,0x00000000cf700000)
 Metaspace       used 73921K, committed 75584K, reserved 1179648K
  class space    used 9187K, committed 9920K, reserved 1048576K
}
Event: 244.006 GC heap after
{Heap after GC invocations=2736 (full 3):
 PSYoungGen      total 4096K, used 480K [0x00000000d5580000, 0x00000000d5a80000, 0x0000000100000000)
  eden space 3584K, 0% used [0x00000000d5580000,0x00000000d5580000,0x00000000d5900000)
  from space 512K, 93% used [0x00000000d5980000,0x00000000d59f8000,0x00000000d5a00000)
  to   space 512K, 0% used [0x00000000d5a00000,0x00000000d5a00000,0x00000000d5a80000)
 ParOldGen       total 1302016K, used 1301871K [0x0000000080000000, 0x00000000cf780000, 0x00000000d5580000)
  object space 1302016K, 99% used [0x0000000080000000,0x00000000cf75bc28,0x00000000cf780000)
 Metaspace       used 73921K, committed 75584K, reserved 1179648K
  class space    used 9187K, committed 9920K, reserved 1048576K
}
Event: 244.018 GC heap before
{Heap before GC invocations=2737 (full 3):
 PSYoungGen      total 4096K, used 4064K [0x00000000d5580000, 0x00000000d5a80000, 0x0000000100000000)
  eden space 3584K, 100% used [0x00000000d5580000,0x00000000d5900000,0x00000000d5900000)
  from space 512K, 93% used [0x00000000d5980000,0x00000000d59f8000,0x00000000d5a00000)
  to   space 512K, 0% used [0x00000000d5a00000,0x00000000d5a00000,0x00000000d5a80000)
 ParOldGen       total 1302016K, used 1301871K [0x0000000080000000, 0x00000000cf780000, 0x00000000d5580000)
  object space 1302016K, 99% used [0x0000000080000000,0x00000000cf75bc28,0x00000000cf780000)
 Metaspace       used 73921K, committed 75584K, reserved 1179648K
  class space    used 9187K, committed 9920K, reserved 1048576K
}
Event: 244.022 GC heap after
{Heap after GC invocations=2737 (full 3):
 PSYoungGen      total 4096K, used 480K [0x00000000d5580000, 0x00000000d5a80000, 0x0000000100000000)
  eden space 3584K, 0% used [0x00000000d5580000,0x00000000d5580000,0x00000000d5900000)
  from space 512K, 93% used [0x00000000d5a00000,0x00000000d5a78000,0x00000000d5a80000)
  to   space 512K, 0% used [0x00000000d5980000,0x00000000d5980000,0x00000000d5a00000)
 ParOldGen       total 1302528K, used 1302287K [0x0000000080000000, 0x00000000cf800000, 0x00000000d5580000)
  object space 1302528K, 99% used [0x0000000080000000,0x00000000cf7c3c28,0x00000000cf800000)
 Metaspace       used 73921K, committed 75584K, reserved 1179648K
  class space    used 9187K, committed 9920K, reserved 1048576K
}
Event: 244.118 GC heap before
{Heap before GC invocations=2738 (full 3):
 PSYoungGen      total 4096K, used 4064K [0x00000000d5580000, 0x00000000d5a80000, 0x0000000100000000)
  eden space 3584K, 100% used [0x00000000d5580000,0x00000000d5900000,0x00000000d5900000)
  from space 512K, 93% used [0x00000000d5a00000,0x00000000d5a78000,0x00000000d5a80000)
  to   space 512K, 0% used [0x00000000d5980000,0x00000000d5980000,0x00000000d5a00000)
 ParOldGen       total 1302528K, used 1302287K [0x0000000080000000, 0x00000000cf800000, 0x00000000d5580000)
  object space 1302528K, 99% used [0x0000000080000000,0x00000000cf7c3c28,0x00000000cf800000)
 Metaspace       used 73925K, committed 75584K, reserved 1179648K
  class space    used 9188K, committed 9920K, reserved 1048576K
}
Event: 244.121 GC heap after
{Heap after GC invocations=2738 (full 3):
 PSYoungGen      total 4096K, used 495K [0x00000000d5580000, 0x00000000d5b00000, 0x0000000100000000)
  eden space 3584K, 0% used [0x00000000d5580000,0x00000000d5580000,0x00000000d5900000)
  from space 512K, 96% used [0x00000000d5980000,0x00000000d59fbe10,0x00000000d5a00000)
  to   space 1024K, 0% used [0x00000000d5a00000,0x00000000d5a00000,0x00000000d5b00000)
 ParOldGen       total 1303040K, used 1302730K [0x0000000080000000, 0x00000000cf880000, 0x00000000d5580000)
  object space 1303040K, 99% used [0x0000000080000000,0x00000000cf832830,0x00000000cf880000)
 Metaspace       used 73925K, committed 75584K, reserved 1179648K
  class space    used 9188K, committed 9920K, reserved 1048576K
}
Event: 244.134 GC heap before
{Heap before GC invocations=2739 (full 3):
 PSYoungGen      total 4096K, used 4079K [0x00000000d5580000, 0x00000000d5b00000, 0x0000000100000000)
  eden space 3584K, 100% used [0x00000000d5580000,0x00000000d5900000,0x00000000d5900000)
  from space 512K, 96% used [0x00000000d5980000,0x00000000d59fbe10,0x00000000d5a00000)
  to   space 1024K, 0% used [0x00000000d5a00000,0x00000000d5a00000,0x00000000d5b00000)
 ParOldGen       total 1303040K, used 1302730K [0x0000000080000000, 0x00000000cf880000, 0x00000000d5580000)
  object space 1303040K, 99% used [0x0000000080000000,0x00000000cf832830,0x00000000cf880000)
 Metaspace       used 73927K, committed 75584K, reserved 1179648K
  class space    used 9188K, committed 9920K, reserved 1048576K
}
Event: 244.138 GC heap after
{Heap after GC invocations=2739 (full 3):
 PSYoungGen      total 4608K, used 588K [0x00000000d5580000, 0x00000000d5b00000, 0x0000000100000000)
  eden space 3584K, 0% used [0x00000000d5580000,0x00000000d5580000,0x00000000d5900000)
  from space 1024K, 57% used [0x00000000d5a00000,0x00000000d5a93288,0x00000000d5b00000)
  to   space 1024K, 0% used [0x00000000d5900000,0x00000000d5900000,0x00000000d5a00000)
 ParOldGen       total 1303552K, used 1303134K [0x0000000080000000, 0x00000000cf900000, 0x00000000d5580000)
  object space 1303552K, 99% used [0x0000000080000000,0x00000000cf897830,0x00000000cf900000)
 Metaspace       used 73927K, committed 75584K, reserved 1179648K
  class space    used 9188K, committed 9920K, reserved 1048576K
}
Event: 244.153 GC heap before
{Heap before GC invocations=2740 (full 3):
 PSYoungGen      total 4608K, used 4172K [0x00000000d5580000, 0x00000000d5b00000, 0x0000000100000000)
  eden space 3584K, 100% used [0x00000000d5580000,0x00000000d5900000,0x00000000d5900000)
  from space 1024K, 57% used [0x00000000d5a00000,0x00000000d5a93288,0x00000000d5b00000)
  to   space 1024K, 0% used [0x00000000d5900000,0x00000000d5900000,0x00000000d5a00000)
 ParOldGen       total 1303552K, used 1303134K [0x0000000080000000, 0x00000000cf900000, 0x00000000d5580000)
  object space 1303552K, 99% used [0x0000000080000000,0x00000000cf897830,0x00000000cf900000)
 Metaspace       used 73927K, committed 75584K, reserved 1179648K
  class space    used 9188K, committed 9920K, reserved 1048576K
}
Event: 244.155 GC heap after
{Heap after GC invocations=2740 (full 3):
 PSYoungGen      total 4608K, used 608K [0x00000000d5580000, 0x00000000d5b00000, 0x0000000100000000)
  eden space 3584K, 0% used [0x00000000d5580000,0x00000000d5580000,0x00000000d5900000)
  from space 1024K, 59% used [0x00000000d5900000,0x00000000d5998000,0x00000000d5a00000)
  to   space 1024K, 0% used [0x00000000d5a00000,0x00000000d5a00000,0x00000000d5b00000)
 ParOldGen       total 1304064K, used 1303593K [0x0000000080000000, 0x00000000cf980000, 0x00000000d5580000)
  object space 1304064K, 99% used [0x0000000080000000,0x00000000cf90a438,0x00000000cf980000)
 Metaspace       used 73927K, committed 75584K, reserved 1179648K
  class space    used 9188K, committed 9920K, reserved 1048576K
}
Event: 244.171 GC heap before
{Heap before GC invocations=2741 (full 3):
 PSYoungGen      total 4608K, used 4192K [0x00000000d5580000, 0x00000000d5b00000, 0x0000000100000000)
  eden space 3584K, 100% used [0x00000000d5580000,0x00000000d5900000,0x00000000d5900000)
  from space 1024K, 59% used [0x00000000d5900000,0x00000000d5998000,0x00000000d5a00000)
  to   space 1024K, 0% used [0x00000000d5a00000,0x00000000d5a00000,0x00000000d5b00000)
 ParOldGen       total 1304064K, used 1303593K [0x0000000080000000, 0x00000000cf980000, 0x00000000d5580000)
  object space 1304064K, 99% used [0x0000000080000000,0x00000000cf90a438,0x00000000cf980000)
 Metaspace       used 73927K, committed 75584K, reserved 1179648K
  class space    used 9188K, committed 9920K, reserved 1048576K
}
Event: 244.174 GC heap after
{Heap after GC invocations=2741 (full 3):
 PSYoungGen      total 4608K, used 566K [0x00000000d5580000, 0x00000000d5b00000, 0x0000000100000000)
  eden space 3584K, 0% used [0x00000000d5580000,0x00000000d5580000,0x00000000d5900000)
  from space 1024K, 55% used [0x00000000d5a00000,0x00000000d5a8d808,0x00000000d5b00000)
  to   space 1024K, 0% used [0x00000000d5900000,0x00000000d5900000,0x00000000d5a00000)
 ParOldGen       total 1304576K, used 1304121K [0x0000000080000000, 0x00000000cfa00000, 0x00000000d5580000)
  object space 1304576K, 99% used [0x0000000080000000,0x00000000cf98e438,0x00000000cfa00000)
 Metaspace       used 73927K, committed 75584K, reserved 1179648K
  class space    used 9188K, committed 9920K, reserved 1048576K
}
Event: 244.415 GC heap before
{Heap before GC invocations=2742 (full 3):
 PSYoungGen      total 4608K, used 4150K [0x00000000d5580000, 0x00000000d5b00000, 0x0000000100000000)
  eden space 3584K, 100% used [0x00000000d5580000,0x00000000d5900000,0x00000000d5900000)
  from space 1024K, 55% used [0x00000000d5a00000,0x00000000d5a8d808,0x00000000d5b00000)
  to   space 1024K, 0% used [0x00000000d5900000,0x00000000d5900000,0x00000000d5a00000)
 ParOldGen       total 1304576K, used 1304121K [0x0000000080000000, 0x00000000cfa00000, 0x00000000d5580000)
  object space 1304576K, 99% used [0x0000000080000000,0x00000000cf98e438,0x00000000cfa00000)
 Metaspace       used 74188K, committed 75776K, reserved 1179648K
  class space    used 9221K, committed 9920K, reserved 1048576K
}
Event: 244.417 GC heap after
{Heap after GC invocations=2742 (full 3):
 PSYoungGen      total 4608K, used 442K [0x00000000d5580000, 0x00000000d5a80000, 0x0000000100000000)
  eden space 3584K, 0% used [0x00000000d5580000,0x00000000d5580000,0x00000000d5900000)
  from space 1024K, 43% used [0x00000000d5900000,0x00000000d596e8f8,0x00000000d5a00000)
  to   space 512K, 0% used [0x00000000d5a00000,0x00000000d5a00000,0x00000000d5a80000)
 ParOldGen       total 1305088K, used 1304639K [0x0000000080000000, 0x00000000cfa80000, 0x00000000d5580000)
  object space 1305088K, 99% used [0x0000000080000000,0x00000000cfa0fc40,0x00000000cfa80000)
 Metaspace       used 74188K, committed 75776K, reserved 1179648K
  class space    used 9221K, committed 9920K, reserved 1048576K
}
Event: 244.536 GC heap before
{Heap before GC invocations=2743 (full 3):
 PSYoungGen      total 4608K, used 4024K [0x00000000d5580000, 0x00000000d5a80000, 0x0000000100000000)
  eden space 3584K, 99% used [0x00000000d5580000,0x00000000d58ff7d8,0x00000000d5900000)
  from space 1024K, 43% used [0x00000000d5900000,0x00000000d596e8f8,0x00000000d5a00000)
  to   space 512K, 0% used [0x00000000d5a00000,0x00000000d5a00000,0x00000000d5a80000)
 ParOldGen       total 1305088K, used 1304639K [0x0000000080000000, 0x00000000cfa80000, 0x00000000d5580000)
  object space 1305088K, 99% used [0x0000000080000000,0x00000000cfa0fc40,0x00000000cfa80000)
 Metaspace       used 74635K, committed 76288K, reserved 1179648K
  class space    used 9291K, committed 10048K, reserved 1048576K
}
Event: 244.539 GC heap after
{Heap after GC invocations=2743 (full 3):
 PSYoungGen      total 4096K, used 224K [0x00000000d5580000, 0x00000000d5a80000, 0x0000000100000000)
  eden space 3584K, 0% used [0x00000000d5580000,0x00000000d5580000,0x00000000d5900000)
  from space 512K, 43% used [0x00000000d5a00000,0x00000000d5a38000,0x00000000d5a80000)
  to   space 512K, 0% used [0x00000000d5980000,0x00000000d5980000,0x00000000d5a00000)
 ParOldGen       total 1305088K, used 1304919K [0x0000000080000000, 0x00000000cfa80000, 0x00000000d5580000)
  object space 1305088K, 99% used [0x0000000080000000,0x00000000cfa55c40,0x00000000cfa80000)
 Metaspace       used 74635K, committed 76288K, reserved 1179648K
  class space    used 9291K, committed 10048K, reserved 1048576K
}

