# JRE version: OpenJDK Runtime Environment Temurin-21.0.10+7 (21.0.10+7) (build 21.0.10+7-LTS)
# Java VM: OpenJDK 64-Bit Server VM Temurin-21.0.10+7 (21.0.10+7-LTS, mixed mode, sharing, tiered, compressed oops, compressed class ptrs, parallel gc, windows-amd64)
GC Precious Log:
 CardTable entry size: 512
 CPUs: 8 total, 8 available
 Memory: 8046M
 Large Page Support: Disabled
 NUMA Support: Disabled
 Compressed Oops: Enabled (32-bit)
 Alignments: Space 512K, Generation 512K, Heap 2M
 Heap Min Capacity: 100M
 Heap Initial Capacity: 100M
 Heap Max Capacity: 2G
 Pre-touch: Disabled
 Parallel Workers: 8
Heap:
 PSYoungGen      total 13824K, used 10600K [0x00000000d5580000, 0x00000000d6700000, 0x0000000100000000)
  eden space 10752K, 83% used [0x00000000d5580000,0x00000000d5e42050,0x00000000d6000000)
  from space 3072K, 53% used [0x00000000d6200000,0x00000000d6398010,0x00000000d6500000)
  to   space 2048K, 0% used [0x00000000d6500000,0x00000000d6500000,0x00000000d6700000)
 ParOldGen       total 776704K, used 776405K [0x0000000080000000, 0x00000000af680000, 0x00000000d5580000)
  object space 776704K, 99% used [0x0000000080000000,0x00000000af6356e8,0x00000000af680000)
 Metaspace       used 79556K, committed 81216K, reserved 1179648K
  class space    used 9754K, committed 10496K, reserved 1048576K
GC Heap History (20 events):
Event: 388.114 GC heap before
{Heap before GC invocations=3597 (full 5):
 PSYoungGen      total 6656K, used 6639K [0x00000000d5580000, 0x00000000d6680000, 0x0000000100000000)
  eden space 5120K, 100% used [0x00000000d5580000,0x00000000d5a80000,0x00000000d5a80000)
  from space 1536K, 98% used [0x00000000d5a80000,0x00000000d5bfbc40,0x00000000d5c00000)
  to   space 6144K, 0% used [0x00000000d6080000,0x00000000d6080000,0x00000000d6680000)
 ParOldGen       total 747520K, used 747417K [0x0000000080000000, 0x00000000ada00000, 0x00000000d5580000)
  object space 747520K, 99% used [0x0000000080000000,0x00000000ad9e6758,0x00000000ada00000)
 Metaspace       used 78673K, committed 80192K, reserved 1179648K
  class space    used 9639K, committed 10304K, reserved 1048576K
}
Event: 388.120 GC heap after
{Heap after GC invocations=3597 (full 5):
 PSYoungGen      total 11776K, used 5216K [0x00000000d5580000, 0x00000000d6680000, 0x0000000100000000)
  eden space 5632K, 0% used [0x00000000d5580000,0x00000000d5580000,0x00000000d5b00000)
  from space 6144K, 84% used [0x00000000d6080000,0x00000000d6598000,0x00000000d6680000)
  to   space 5632K, 0% used [0x00000000d5b00000,0x00000000d5b00000,0x00000000d6080000)
 ParOldGen       total 749568K, used 749351K [0x0000000080000000, 0x00000000adc00000, 0x00000000d5580000)
  object space 749568K, 99% used [0x0000000080000000,0x00000000adbc9e90,0x00000000adc00000)
 Metaspace       used 78673K, committed 80192K, reserved 1179648K
  class space    used 9639K, committed 10304K, reserved 1048576K
}
Event: 388.138 GC heap before
{Heap before GC invocations=3598 (full 5):
 PSYoungGen      total 11776K, used 10848K [0x00000000d5580000, 0x00000000d6680000, 0x0000000100000000)
  eden space 5632K, 100% used [0x00000000d5580000,0x00000000d5b00000,0x00000000d5b00000)
  from space 6144K, 84% used [0x00000000d6080000,0x00000000d6598000,0x00000000d6680000)
  to   space 5632K, 0% used [0x00000000d5b00000,0x00000000d5b00000,0x00000000d6080000)
 ParOldGen       total 749568K, used 749351K [0x0000000080000000, 0x00000000adc00000, 0x00000000d5580000)
  object space 749568K, 99% used [0x0000000080000000,0x00000000adbc9e90,0x00000000adc00000)
 Metaspace       used 78673K, committed 80192K, reserved 1179648K
  class space    used 9639K, committed 10304K, reserved 1048576K
}
Event: 388.149 GC heap after
{Heap after GC invocations=3598 (full 5):
 PSYoungGen      total 11264K, used 5620K [0x00000000d5580000, 0x00000000d7480000, 0x0000000100000000)
  eden space 5632K, 0% used [0x00000000d5580000,0x00000000d5580000,0x00000000d5b00000)
  from space 5632K, 99% used [0x00000000d5b00000,0x00000000d607d3a8,0x00000000d6080000)
  to   space 12288K, 0% used [0x00000000d6880000,0x00000000d6880000,0x00000000d7480000)
 ParOldGen       total 754688K, used 754631K [0x0000000080000000, 0x00000000ae100000, 0x00000000d5580000)
  object space 754688K, 99% used [0x0000000080000000,0x00000000ae0f1e90,0x00000000ae100000)
 Metaspace       used 78673K, committed 80192K, reserved 1179648K
  class space    used 9639K, committed 10304K, reserved 1048576K
}
Event: 388.163 GC heap before
{Heap before GC invocations=3599 (full 5):
 PSYoungGen      total 11264K, used 11252K [0x00000000d5580000, 0x00000000d7480000, 0x0000000100000000)
  eden space 5632K, 100% used [0x00000000d5580000,0x00000000d5b00000,0x00000000d5b00000)
  from space 5632K, 99% used [0x00000000d5b00000,0x00000000d607d3a8,0x00000000d6080000)
  to   space 12288K, 0% used [0x00000000d6880000,0x00000000d6880000,0x00000000d7480000)
 ParOldGen       total 754688K, used 754631K [0x0000000080000000, 0x00000000ae100000, 0x00000000d5580000)
  object space 754688K, 99% used [0x0000000080000000,0x00000000ae0f1e90,0x00000000ae100000)
 Metaspace       used 78673K, committed 80192K, reserved 1179648K
  class space    used 9639K, committed 10304K, reserved 1048576K
}
Event: 388.170 GC heap after
{Heap after GC invocations=3599 (full 5):
 PSYoungGen      total 11776K, used 4175K [0x00000000d5580000, 0x00000000d6d00000, 0x0000000100000000)
  eden space 7168K, 0% used [0x00000000d5580000,0x00000000d5580000,0x00000000d5c80000)
  from space 4608K, 90% used [0x00000000d6880000,0x00000000d6c93d08,0x00000000d6d00000)
  to   space 6656K, 0% used [0x00000000d6000000,0x00000000d6000000,0x00000000d6680000)
 ParOldGen       total 758272K, used 758250K [0x0000000080000000, 0x00000000ae480000, 0x00000000d5580000)
  object space 758272K, 99% used [0x0000000080000000,0x00000000ae47ab48,0x00000000ae480000)
 Metaspace       used 78673K, committed 80192K, reserved 1179648K
  class space    used 9639K, committed 10304K, reserved 1048576K
}
Event: 388.198 GC heap before
{Heap before GC invocations=3600 (full 5):
 PSYoungGen      total 11776K, used 11343K [0x00000000d5580000, 0x00000000d6d00000, 0x0000000100000000)
  eden space 7168K, 100% used [0x00000000d5580000,0x00000000d5c80000,0x00000000d5c80000)
  from space 4608K, 90% used [0x00000000d6880000,0x00000000d6c93d08,0x00000000d6d00000)
  to   space 6656K, 0% used [0x00000000d6000000,0x00000000d6000000,0x00000000d6680000)
 ParOldGen       total 758272K, used 758250K [0x0000000080000000, 0x00000000ae480000, 0x00000000d5580000)
  object space 758272K, 99% used [0x0000000080000000,0x00000000ae47ab48,0x00000000ae480000)
 Metaspace       used 78673K, committed 80192K, reserved 1179648K
  class space    used 9639K, committed 10304K, reserved 1048576K
}
Event: 388.206 GC heap after
{Heap after GC invocations=3600 (full 5):
 PSYoungGen      total 15360K, used 6644K [0x00000000d5580000, 0x00000000d7700000, 0x0000000100000000)
  eden space 8704K, 0% used [0x00000000d5580000,0x00000000d5580000,0x00000000d5e00000)
  from space 6656K, 99% used [0x00000000d6000000,0x00000000d667d0a0,0x00000000d6680000)
  to   space 12800K, 0% used [0x00000000d6a80000,0x00000000d6a80000,0x00000000d7700000)
 ParOldGen       total 763392K, used 762946K [0x0000000080000000, 0x00000000ae980000, 0x00000000d5580000)
  object space 763392K, 99% used [0x0000000080000000,0x00000000ae910b88,0x00000000ae980000)
 Metaspace       used 78673K, committed 80192K, reserved 1179648K
  class space    used 9639K, committed 10304K, reserved 1048576K
}
Event: 388.359 GC heap before
{Heap before GC invocations=3601 (full 5):
 PSYoungGen      total 15360K, used 15348K [0x00000000d5580000, 0x00000000d7700000, 0x0000000100000000)
  eden space 8704K, 100% used [0x00000000d5580000,0x00000000d5e00000,0x00000000d5e00000)
  from space 6656K, 99% used [0x00000000d6000000,0x00000000d667d0a0,0x00000000d6680000)
  to   space 12800K, 0% used [0x00000000d6a80000,0x00000000d6a80000,0x00000000d7700000)
 ParOldGen       total 763392K, used 762946K [0x0000000080000000, 0x00000000ae980000, 0x00000000d5580000)
  object space 763392K, 99% used [0x0000000080000000,0x00000000ae910b88,0x00000000ae980000)
 Metaspace       used 78673K, committed 80192K, reserved 1179648K
  class space    used 9639K, committed 10304K, reserved 1048576K
}
Event: 388.367 GC heap after
{Heap after GC invocations=3601 (full 5):
 PSYoungGen      total 14848K, used 4067K [0x00000000d5580000, 0x00000000d6e80000, 0x0000000100000000)
  eden space 10752K, 0% used [0x00000000d5580000,0x00000000d5580000,0x00000000d6000000)
  from space 4096K, 99% used [0x00000000d6a80000,0x00000000d6e78e38,0x00000000d6e80000)
  to   space 7168K, 0% used [0x00000000d6080000,0x00000000d6080000,0x00000000d6780000)
 ParOldGen       total 768000K, used 767977K [0x0000000080000000, 0x00000000aee00000, 0x00000000d5580000)
  object space 768000K, 99% used [0x0000000080000000,0x00000000aedfa638,0x00000000aee00000)
 Metaspace       used 78673K, committed 80192K, reserved 1179648K
  class space    used 9639K, committed 10304K, reserved 1048576K
}
Event: 390.858 GC heap before
{Heap before GC invocations=3602 (full 5):
 PSYoungGen      total 14848K, used 14819K [0x00000000d5580000, 0x00000000d6e80000, 0x0000000100000000)
  eden space 10752K, 99% used [0x00000000d5580000,0x00000000d5ffffb0,0x00000000d6000000)
  from space 4096K, 99% used [0x00000000d6a80000,0x00000000d6e78e38,0x00000000d6e80000)
  to   space 7168K, 0% used [0x00000000d6080000,0x00000000d6080000,0x00000000d6780000)
 ParOldGen       total 768000K, used 767977K [0x0000000080000000, 0x00000000aee00000, 0x00000000d5580000)
  object space 768000K, 99% used [0x0000000080000000,0x00000000aedfa638,0x00000000aee00000)
 Metaspace       used 78685K, committed 80192K, reserved 1179648K
  class space    used 9639K, committed 10304K, reserved 1048576K
}
Event: 390.865 GC heap after
{Heap after GC invocations=3602 (full 5):
 PSYoungGen      total 17920K, used 2054K [0x00000000d5580000, 0x00000000d6b00000, 0x0000000100000000)
  eden space 10752K, 0% used [0x00000000d5580000,0x00000000d5580000,0x00000000d6000000)
  from space 7168K, 28% used [0x00000000d6080000,0x00000000d6281828,0x00000000d6780000)
  to   space 3584K, 0% used [0x00000000d6780000,0x00000000d6780000,0x00000000d6b00000)
 ParOldGen       total 772608K, used 771768K [0x0000000080000000, 0x00000000af280000, 0x00000000d5580000)
  object space 772608K, 99% used [0x0000000080000000,0x00000000af1ae220,0x00000000af280000)
 Metaspace       used 78685K, committed 80192K, reserved 1179648K
  class space    used 9639K, committed 10304K, reserved 1048576K
}
Event: 505.166 GC heap before
{Heap before GC invocations=3603 (full 5):
 PSYoungGen      total 17920K, used 12806K [0x00000000d5580000, 0x00000000d6b00000, 0x0000000100000000)
  eden space 10752K, 100% used [0x00000000d5580000,0x00000000d6000000,0x00000000d6000000)
  from space 7168K, 28% used [0x00000000d6080000,0x00000000d6281828,0x00000000d6780000)
  to   space 3584K, 0% used [0x00000000d6780000,0x00000000d6780000,0x00000000d6b00000)
 ParOldGen       total 772608K, used 771768K [0x0000000080000000, 0x00000000af280000, 0x00000000d5580000)
  object space 772608K, 99% used [0x0000000080000000,0x00000000af1ae220,0x00000000af280000)
 Metaspace       used 78685K, committed 80192K, reserved 1179648K
  class space    used 9639K, committed 10304K, reserved 1048576K
}
Event: 505.184 GC heap after
{Heap after GC invocations=3603 (full 5):
 PSYoungGen      total 11264K, used 256K [0x00000000d5580000, 0x00000000d6800000, 0x0000000100000000)
  eden space 10752K, 0% used [0x00000000d5580000,0x00000000d5580000,0x00000000d6000000)
  from space 512K, 50% used [0x00000000d6780000,0x00000000d67c0000,0x00000000d6800000)
  to   space 1536K, 0% used [0x00000000d6500000,0x00000000d6500000,0x00000000d6680000)
 ParOldGen       total 774144K, used 773733K [0x0000000080000000, 0x00000000af400000, 0x00000000d5580000)
  object space 774144K, 99% used [0x0000000080000000,0x00000000af3996e8,0x00000000af400000)
 Metaspace       used 78685K, committed 80192K, reserved 1179648K
  class space    used 9639K, committed 10304K, reserved 1048576K
}
Event: 567.806 GC heap before
{Heap before GC invocations=3604 (full 5):
 PSYoungGen      total 11264K, used 11005K [0x00000000d5580000, 0x00000000d6800000, 0x0000000100000000)
  eden space 10752K, 99% used [0x00000000d5580000,0x00000000d5fff768,0x00000000d6000000)
  from space 512K, 50% used [0x00000000d6780000,0x00000000d67c0000,0x00000000d6800000)
  to   space 1536K, 0% used [0x00000000d6500000,0x00000000d6500000,0x00000000d6680000)
 ParOldGen       total 774144K, used 773733K [0x0000000080000000, 0x00000000af400000, 0x00000000d5580000)
  object space 774144K, 99% used [0x0000000080000000,0x00000000af3996e8,0x00000000af400000)
 Metaspace       used 78700K, committed 80256K, reserved 1179648K
  class space    used 9643K, committed 10304K, reserved 1048576K
}
Event: 567.817 GC heap after
{Heap after GC invocations=3604 (full 5):
 PSYoungGen      total 12288K, used 1138K [0x00000000d5580000, 0x00000000d6800000, 0x0000000100000000)
  eden space 10752K, 0% used [0x00000000d5580000,0x00000000d5580000,0x00000000d6000000)
  from space 1536K, 74% used [0x00000000d6500000,0x00000000d661cbd0,0x00000000d6680000)
  to   space 1536K, 0% used [0x00000000d6680000,0x00000000d6680000,0x00000000d6800000)
 ParOldGen       total 774144K, used 773781K [0x0000000080000000, 0x00000000af400000, 0x00000000d5580000)
  object space 774144K, 99% used [0x0000000080000000,0x00000000af3a56e8,0x00000000af400000)
 Metaspace       used 78700K, committed 80256K, reserved 1179648K
  class space    used 9643K, committed 10304K, reserved 1048576K
}
Event: 568.263 GC heap before
{Heap before GC invocations=3605 (full 5):
 PSYoungGen      total 12288K, used 11890K [0x00000000d5580000, 0x00000000d6800000, 0x0000000100000000)
  eden space 10752K, 99% used [0x00000000d5580000,0x00000000d5ffffc0,0x00000000d6000000)
  from space 1536K, 74% used [0x00000000d6500000,0x00000000d661cbd0,0x00000000d6680000)
  to   space 1536K, 0% used [0x00000000d6680000,0x00000000d6680000,0x00000000d6800000)
 ParOldGen       total 774144K, used 773781K [0x0000000080000000, 0x00000000af400000, 0x00000000d5580000)
  object space 774144K, 99% used [0x0000000080000000,0x00000000af3a56e8,0x00000000af400000)
 Metaspace       used 78950K, committed 80512K, reserved 1179648K
  class space    used 9679K, committed 10368K, reserved 1048576K
}
Event: 568.271 GC heap after
{Heap after GC invocations=3605 (full 5):
 PSYoungGen      total 12288K, used 1536K [0x00000000d5580000, 0x00000000d6800000, 0x0000000100000000)
  eden space 10752K, 0% used [0x00000000d5580000,0x00000000d5580000,0x00000000d6000000)
  from space 1536K, 100% used [0x00000000d6680000,0x00000000d6800000,0x00000000d6800000)
  to   space 3072K, 0% used [0x00000000d6200000,0x00000000d6200000,0x00000000d6500000)
 ParOldGen       total 775168K, used 774845K [0x0000000080000000, 0x00000000af500000, 0x00000000d5580000)
  object space 775168K, 99% used [0x0000000080000000,0x00000000af4af6e8,0x00000000af500000)
 Metaspace       used 78950K, committed 80512K, reserved 1179648K
  class space    used 9679K, committed 10368K, reserved 1048576K
}
Event: 568.673 GC heap before
{Heap before GC invocations=3606 (full 5):
 PSYoungGen      total 12288K, used 12288K [0x00000000d5580000, 0x00000000d6800000, 0x0000000100000000)
  eden space 10752K, 100% used [0x00000000d5580000,0x00000000d6000000,0x00000000d6000000)
  from space 1536K, 100% used [0x00000000d6680000,0x00000000d6800000,0x00000000d6800000)
  to   space 3072K, 0% used [0x00000000d6200000,0x00000000d6200000,0x00000000d6500000)
 ParOldGen       total 775168K, used 774845K [0x0000000080000000, 0x00000000af500000, 0x00000000d5580000)
  object space 775168K, 99% used [0x0000000080000000,0x00000000af4af6e8,0x00000000af500000)
 Metaspace       used 78958K, committed 80512K, reserved 1179648K
  class space    used 9679K, committed 10368K, reserved 1048576K
}
Event: 568.679 GC heap after
{Heap after GC invocations=3606 (full 5):
 PSYoungGen      total 13824K, used 1632K [0x00000000d5580000, 0x00000000d6700000, 0x0000000100000000)
  eden space 10752K, 0% used [0x00000000d5580000,0x00000000d5580000,0x00000000d6000000)
  from space 3072K, 53% used [0x00000000d6200000,0x00000000d6398010,0x00000000d6500000)
  to   space 2048K, 0% used [0x00000000d6500000,0x00000000d6500000,0x00000000d6700000)
 ParOldGen       total 776704K, used 776405K [0x0000000080000000, 0x00000000af680000, 0x00000000d5580000)
  object space 776704K, 99% used [0x0000000080000000,0x00000000af6356e8,0x00000000af680000)
 Metaspace       used 78958K, committed 80512K, reserved 1179648K
  class space    used 9679K, committed 10368K, reserved 1048576K
}

