# JRE version: Java(TM) SE Runtime Environment (17.0.12+8) (build 17.0.12+8-LTS-286)
# Java VM: Java HotSpot(TM) 64-Bit Server VM (17.0.12+8-LTS-286, mixed mode, sharing, tiered, compressed oops, compressed class ptrs, g1 gc, windows-amd64)
GC Precious Log:
 CPUs: 8 total, 8 available
 Memory: 8046M
 Large Page Support: Disabled
 NUMA Support: Disabled
 Compressed Oops: Enabled (Zero based)
 Heap Region Size: 4M
 Heap Min Capacity: 8M
 Heap Initial Capacity: 128M
 Heap Max Capacity: 8G
 Pre-touch: Disabled
 Parallel Workers: 8
 Concurrent Workers: 2
 Concurrent Refinement Workers: 8
 Periodic GC: Disabled
Heap:
 garbage-first heap   total 425984K, used 298165K [0x0000000600000000, 0x0000000800000000)
  region size 4096K, 44 young (180224K), 4 survivors (16384K)
 Metaspace       used 103815K, committed 104960K, reserved 1179648K
  class space    used 14540K, committed 15104K, reserved 1048576K
GC Heap History (20 events):
Event: 41.403 GC heap before
{Heap before GC invocations=36 (full 0):
 garbage-first heap   total 208896K, used 157193K [0x0000000600000000, 0x0000000800000000)
  region size 4096K, 13 young (53248K), 2 survivors (8192K)
 Metaspace       used 83079K, committed 83968K, reserved 1179648K
  class space    used 11576K, committed 11968K, reserved 1048576K
}
Event: 41.413 GC heap after
{Heap after GC invocations=37 (full 0):
 garbage-first heap   total 208896K, used 115352K [0x0000000600000000, 0x0000000800000000)
  region size 4096K, 1 young (4096K), 1 survivors (4096K)
 Metaspace       used 83079K, committed 83968K, reserved 1179648K
  class space    used 11576K, committed 11968K, reserved 1048576K
}
Event: 41.497 GC heap before
{Heap before GC invocations=37 (full 0):
 garbage-first heap   total 208896K, used 119448K [0x0000000600000000, 0x0000000800000000)
  region size 4096K, 2 young (8192K), 1 survivors (4096K)
 Metaspace       used 83102K, committed 84032K, reserved 1179648K
  class space    used 11579K, committed 11968K, reserved 1048576K
}
Event: 41.511 GC heap after
{Heap after GC invocations=38 (full 0):
 garbage-first heap   total 208896K, used 113600K [0x0000000600000000, 0x0000000800000000)
  region size 4096K, 1 young (4096K), 1 survivors (4096K)
 Metaspace       used 83102K, committed 84032K, reserved 1179648K
  class space    used 11579K, committed 11968K, reserved 1048576K
}
Event: 42.644 GC heap before
{Heap before GC invocations=38 (full 0):
 garbage-first heap   total 208896K, used 158656K [0x0000000600000000, 0x0000000800000000)
  region size 4096K, 12 young (49152K), 1 survivors (4096K)
 Metaspace       used 86298K, committed 87168K, reserved 1179648K
  class space    used 12012K, committed 12416K, reserved 1048576K
}
Event: 42.649 GC heap after
{Heap after GC invocations=39 (full 0):
 garbage-first heap   total 208896K, used 115076K [0x0000000600000000, 0x0000000800000000)
  region size 4096K, 1 young (4096K), 1 survivors (4096K)
 Metaspace       used 86298K, committed 87168K, reserved 1179648K
  class space    used 12012K, committed 12416K, reserved 1048576K
}
Event: 44.135 GC heap before
{Heap before GC invocations=40 (full 0):
 garbage-first heap   total 212992K, used 164228K [0x0000000600000000, 0x0000000800000000)
  region size 4096K, 13 young (53248K), 1 survivors (4096K)
 Metaspace       used 88509K, committed 89472K, reserved 1179648K
  class space    used 12330K, committed 12800K, reserved 1048576K
}
Event: 44.146 GC heap after
{Heap after GC invocations=41 (full 0):
 garbage-first heap   total 212992K, used 119989K [0x0000000600000000, 0x0000000800000000)
  region size 4096K, 2 young (8192K), 2 survivors (8192K)
 Metaspace       used 88509K, committed 89472K, reserved 1179648K
  class space    used 12330K, committed 12800K, reserved 1048576K
}
Event: 44.224 GC heap before
{Heap before GC invocations=41 (full 0):
 garbage-first heap   total 212992K, used 124085K [0x0000000600000000, 0x0000000800000000)
  region size 4096K, 3 young (12288K), 2 survivors (8192K)
 Metaspace       used 88509K, committed 89472K, reserved 1179648K
  class space    used 12330K, committed 12800K, reserved 1048576K
}
Event: 44.239 GC heap after
{Heap after GC invocations=42 (full 0):
 garbage-first heap   total 212992K, used 119410K [0x0000000600000000, 0x0000000800000000)
  region size 4096K, 1 young (4096K), 1 survivors (4096K)
 Metaspace       used 88509K, committed 89472K, reserved 1179648K
  class space    used 12330K, committed 12800K, reserved 1048576K
}
Event: 45.808 GC heap before
{Heap before GC invocations=42 (full 0):
 garbage-first heap   total 212992K, used 160370K [0x0000000600000000, 0x0000000800000000)
  region size 4096K, 12 young (49152K), 1 survivors (4096K)
 Metaspace       used 90616K, committed 91648K, reserved 1179648K
  class space    used 12620K, committed 13120K, reserved 1048576K
}
Event: 45.818 GC heap after
{Heap after GC invocations=43 (full 0):
 garbage-first heap   total 212992K, used 120882K [0x0000000600000000, 0x0000000800000000)
  region size 4096K, 1 young (4096K), 1 survivors (4096K)
 Metaspace       used 90616K, committed 91648K, reserved 1179648K
  class space    used 12620K, committed 13120K, reserved 1048576K
}
Event: 47.938 GC heap before
{Heap before GC invocations=44 (full 0):
 garbage-first heap   total 212992K, used 170034K [0x0000000600000000, 0x0000000800000000)
  region size 4096K, 13 young (53248K), 1 survivors (4096K)
 Metaspace       used 94057K, committed 95040K, reserved 1179648K
  class space    used 13210K, committed 13696K, reserved 1048576K
}
Event: 47.956 GC heap after
{Heap after GC invocations=45 (full 0):
 garbage-first heap   total 212992K, used 121818K [0x0000000600000000, 0x0000000800000000)
  region size 4096K, 2 young (8192K), 2 survivors (8192K)
 Metaspace       used 94057K, committed 95040K, reserved 1179648K
  class space    used 13210K, committed 13696K, reserved 1048576K
}
Event: 48.190 GC heap before
{Heap before GC invocations=45 (full 0):
 garbage-first heap   total 212992K, used 125914K [0x0000000600000000, 0x0000000800000000)
  region size 4096K, 3 young (12288K), 2 survivors (8192K)
 Metaspace       used 94315K, committed 95296K, reserved 1179648K
  class space    used 13267K, committed 13760K, reserved 1048576K
}
Event: 48.203 GC heap after
{Heap after GC invocations=46 (full 0):
 garbage-first heap   total 212992K, used 120857K [0x0000000600000000, 0x0000000800000000)
  region size 4096K, 1 young (4096K), 1 survivors (4096K)
 Metaspace       used 94315K, committed 95296K, reserved 1179648K
  class space    used 13267K, committed 13760K, reserved 1048576K
}
Event: 49.500 GC heap before
{Heap before GC invocations=46 (full 0):
 garbage-first heap   total 212992K, used 165913K [0x0000000600000000, 0x0000000800000000)
  region size 4096K, 12 young (49152K), 1 survivors (4096K)
 Metaspace       used 97127K, committed 98176K, reserved 1179648K
  class space    used 13637K, committed 14144K, reserved 1048576K
}
Event: 49.509 GC heap after
{Heap after GC invocations=47 (full 0):
 garbage-first heap   total 425984K, used 122191K [0x0000000600000000, 0x0000000800000000)
  region size 4096K, 1 young (4096K), 1 survivors (4096K)
 Metaspace       used 97127K, committed 98176K, reserved 1179648K
  class space    used 13637K, committed 14144K, reserved 1048576K
}
Event: 55.381 GC heap before
{Heap before GC invocations=47 (full 0):
 garbage-first heap   total 425984K, used 326991K [0x0000000600000000, 0x0000000800000000)
  region size 4096K, 51 young (208896K), 1 survivors (4096K)
 Metaspace       used 100953K, committed 102016K, reserved 1179648K
  class space    used 14135K, committed 14656K, reserved 1048576K
}
Event: 55.404 GC heap after
{Heap after GC invocations=48 (full 0):
 garbage-first heap   total 425984K, used 134325K [0x0000000600000000, 0x0000000800000000)
  region size 4096K, 4 young (16384K), 4 survivors (16384K)
 Metaspace       used 100953K, committed 102016K, reserved 1179648K
  class space    used 14135K, committed 14656K, reserved 1048576K
}

